[18-Feb-2024 08:31:08 UTC] PHP Fatal error:  Uncaught Error: Call to a member function query() on null in C:\inetpub\wwwroot\www.find-a-tradie.com.au\common.php:643
Stack trace:
#0 C:\inetpub\wwwroot\www.find-a-tradie.com.au\common.php(656): DoGenerateJavascriptTradeArray()
#1 C:\inetpub\wwwroot\www.find-a-tradie.com.au\index.php(6): include('C:\\inetpub\\wwwr...')
#2 {main}
  thrown in C:\inetpub\wwwroot\www.find-a-tradie.com.au\common.php on line 643
[20-Feb-2024 19:02:22 UTC] PHP Fatal error:  Uncaught TypeError: count(): Argument #1 ($value) must be of type Countable|array, string given in C:\inetpub\wwwroot\www.find-a-tradie.com.au\common.php:615
Stack trace:
#0 C:\inetpub\wwwroot\www.find-a-tradie.com.au\common.php(636): FindAdditionalTrade('', '1')
#1 C:\inetpub\wwwroot\www.find-a-tradie.com.au\member_details_forms.html(340): DoGenerateAdditionalTradeOptions('')
#2 C:\inetpub\wwwroot\www.find-a-tradie.com.au\new_customer.php(102): include('C:\\inetpub\\wwwr...')
#3 {main}
  thrown in C:\inetpub\wwwroot\www.find-a-tradie.com.au\common.php on line 615
[20-Feb-2024 19:12:04 UTC] PHP Fatal error:  Uncaught TypeError: count(): Argument #1 ($value) must be of type Countable|array, string given in C:\inetpub\wwwroot\www.find-a-tradie.com.au\common.php:615
Stack trace:
#0 C:\inetpub\wwwroot\www.find-a-tradie.com.au\common.php(636): FindAdditionalTrade('', '1')
#1 C:\inetpub\wwwroot\www.find-a-tradie.com.au\member_details_forms.html(340): DoGenerateAdditionalTradeOptions('')
#2 C:\inetpub\wwwroot\www.find-a-tradie.com.au\new_tradie.php(102): include('C:\\inetpub\\wwwr...')
#3 {main}
  thrown in C:\inetpub\wwwroot\www.find-a-tradie.com.au\common.php on line 615
